
Thu 14 Mar 2024 08:21:09 PM UTC: 
 exercises.c | 10 +++++++++-
 1 file changed, 9 insertions(+), 1 deletion(-)
 tests:  0|7
total_score: 0/70
7266127
Thu 14 Mar 2024 08:21:27 PM UTC: 
 exercises.c | 2 +-
 1 file changed, 1 insertion(+), 1 deletion(-)
 tests:  0|6
total_score: 10/70
ab35978
Thu 14 Mar 2024 08:25:05 PM UTC: 
 exercises.c | 11 ++++++++++-
 1 file changed, 10 insertions(+), 1 deletion(-)
 tests:  0|6
total_score: 10/70
3d7c84a
Thu 14 Mar 2024 08:26:46 PM UTC: 
 exercises.c | 5 +++--
 1 file changed, 3 insertions(+), 2 deletions(-)
 tests:  0|6
total_score: 10/70
e924015
Thu 14 Mar 2024 08:30:16 PM UTC: 
 exercises.c | 1 +
 1 file changed, 1 insertion(+)
 tests:  0|6
total_score: 10/70
54bf301
Thu 14 Mar 2024 08:33:44 PM UTC: 
 exercises.c | 10 ++++++----
 1 file changed, 6 insertions(+), 4 deletions(-)
In file included from test.c:1:
exercises.c: In function ‘reverseArray’:
exercises.c:33:12: error: ‘temp’ may be used uninitialized [-Werror=maybe-uninitialized]
   33 |     arr[i] = temp;
      |     ~~~~~~~^~~~~~
cc1: all warnings being treated as errors
Compilation failed
776d139
Thu 14 Mar 2024 08:34:06 PM UTC: 
 exercises.c | 2 +-
 1 file changed, 1 insertion(+), 1 deletion(-)
 tests:  0|5
total_score: 20/70
07d5d6f
Thu 14 Mar 2024 08:34:45 PM UTC: 
 exercises.c | 8 +++-----
 1 file changed, 3 insertions(+), 5 deletions(-)
 tests:  0|5
total_score: 20/70
611817d
Thu 14 Mar 2024 08:41:39 PM UTC: 
 exercises.c | 14 +++++++++++++-
 1 file changed, 13 insertions(+), 1 deletion(-)
In file included from /nix/store/4pqv2mwdn88h7xvsm7a5zplrd8sxzvw0-glibc-2.35-163-dev/include/string.h:33,
                 from exercises.c:5,
                 from test.c:1:
exercises.c: In function ‘filterEvenNumbers’:
exercises.c:46:21: error: invalid initializer
   46 |   int nuevo_arr[] = NULL;
      |                     ^~~~
In file included from test.c:1:
exercises.c:51:7: error: value computed is not used [-Werror=unused-value]
   51 |       *newSize++;
      |       ^~~~~~~~~~
exercises.c:56:10: error: function returns address of local variable [-Werror=return-local-addr]
   56 |   return nuevo_arr;
      |          ^~~~~~~~~
cc1: all warnings being treated as errors
Compilation failed
8e9ef85
Thu 14 Mar 2024 08:43:00 PM UTC: 
 exercises.c | 7 ++++---
 1 file changed, 4 insertions(+), 3 deletions(-)
In file included from test.c:1:
exercises.c: In function ‘filterEvenNumbers’:
exercises.c:47:3: error: variable-sized object may not be initialized
   47 |   int nuevo_arr[*newSize] = NULL;
      |   ^~~
exercises.c:57:19: error: returning ‘int’ from a function with return type ‘int *’ makes pointer from integer without a cast [-Werror=int-conversion]
   57 |   return nuevo_arr[*newSize];
      |          ~~~~~~~~~^~~~~~~~~~
cc1: all warnings being treated as errors
Compilation failed
b0c13d7
Thu 14 Mar 2024 08:43:28 PM UTC: 
 exercises.c | 2 +-
 1 file changed, 1 insertion(+), 1 deletion(-)
In file included from test.c:1:
exercises.c: In function ‘filterEvenNumbers’:
exercises.c:47:3: error: variable-sized object may not be initialized
   47 |   int nuevo_arr[*newSize] = NULL;
      |   ^~~
exercises.c:57:10: error: function returns address of local variable [-Werror=return-local-addr]
   57 |   return nuevo_arr;
      |          ^~~~~~~~~
cc1: all warnings being treated as errors
Compilation failed
c7cf4f1
Thu 14 Mar 2024 08:44:00 PM UTC: 
 exercises.c | 2 +-
 1 file changed, 1 insertion(+), 1 deletion(-)
In file included from test.c:1:
exercises.c: In function ‘filterEvenNumbers’:
exercises.c:57:10: error: function returns address of local variable [-Werror=return-local-addr]
   57 |   return nuevo_arr;
      |          ^~~~~~~~~
exercises.c:51:16: error: array subscript <unknown> is outside array bounds of ‘int[<U1480>]’ [-Werror=array-bounds]
   51 |       nuevo_arr[*newSize] = arr[i];
      |       ~~~~~~~~~^~~~~~~~~~
exercises.c:47:7: note: while referencing ‘nuevo_arr.109’
   47 |   int nuevo_arr[*newSize];
      |       ^~~~~~~~~
cc1: all warnings being treated as errors
Compilation failed
408820f
Thu 14 Mar 2024 08:45:54 PM UTC: 
 exercises.c | 3 ++-
 1 file changed, 2 insertions(+), 1 deletion(-)
In file included from test.c:1:
exercises.c: In function ‘filterEvenNumbers’:
exercises.c:57:10: error: ‘nuevo_arr’ may be used uninitialized in this function [-Werror=maybe-uninitialized]
   57 |   return nuevo_arr;
      |          ^~~~~~~~~
cc1: all warnings being treated as errors
Compilation failed
a715bad
Thu 14 Mar 2024 08:46:42 PM UTC: 
 exercises.c | 2 +-
 1 file changed, 1 insertion(+), 1 deletion(-)
 tests:  0|5
total_score: 20/70
2bf19a5
Thu 14 Mar 2024 08:55:17 PM UTC: 
 exercises.c | 36 ++++++++++++++++++++++++++++++++++--
 1 file changed, 34 insertions(+), 2 deletions(-)
In file included from test.c:1:
exercises.c: In function ‘mergeSortedArrays’:
exercises.c:75:18: error: ‘size’ undeclared (first use in this function); did you mean ‘size2’?
   75 |         if (i == size - 1) {
      |                  ^~~~
      |                  size2
exercises.c:75:18: note: each undeclared identifier is reported only once for each function it appears in
exercises.c:97:10: error: ‘return’ with a value, in function returning void [-Werror=return-type]
   97 |   return result;
      |          ^~~~~~
exercises.c:66:6: note: declared here
   66 | void mergeSortedArrays(int arr1[], int size1, int arr2[], int size2, int result[]) {
      |      ^~~~~~~~~~~~~~~~~
exercises.c:67:7: error: unused variable ‘talla’ [-Werror=unused-variable]
   67 |   int talla = size1 + size2;
      |       ^~~~~
cc1: all warnings being treated as errors
Compilation failed
3357656
Thu 14 Mar 2024 08:55:39 PM UTC: 
 exercises.c | 1 -
 1 file changed, 1 deletion(-)
In file included from test.c:1:
exercises.c: In function ‘mergeSortedArrays’:
exercises.c:74:18: error: ‘size’ undeclared (first use in this function); did you mean ‘size2’?
   74 |         if (i == size - 1) {
      |                  ^~~~
      |                  size2
exercises.c:74:18: note: each undeclared identifier is reported only once for each function it appears in
exercises.c:96:10: error: ‘return’ with a value, in function returning void [-Werror=return-type]
   96 |   return result;
      |          ^~~~~~
exercises.c:66:6: note: declared here
   66 | void mergeSortedArrays(int arr1[], int size1, int arr2[], int size2, int result[]) {
      |      ^~~~~~~~~~~~~~~~~
cc1: all warnings being treated as errors
Compilation failed
7b59300
Thu 14 Mar 2024 08:56:19 PM UTC: 
 exercises.c | 2 +-
 1 file changed, 1 insertion(+), 1 deletion(-)
In file included from test.c:1:
exercises.c: In function ‘mergeSortedArrays’:
exercises.c:96:10: error: ‘return’ with a value, in function returning void [-Werror=return-type]
   96 |   return result;
      |          ^~~~~~
exercises.c:66:6: note: declared here
   66 | void mergeSortedArrays(int arr1[], int size1, int arr2[], int size2, int result[]) {
      |      ^~~~~~~~~~~~~~~~~
cc1: all warnings being treated as errors
Compilation failed
8c9d985
Thu 14 Mar 2024 08:56:49 PM UTC: 
 exercises.c | 2 --
 1 file changed, 2 deletions(-)
 tests:  0|0
6106788
Thu 14 Mar 2024 09:01:13 PM UTC: 
 exercises.c | 30 +-----------------------------
 1 file changed, 1 insertion(+), 29 deletions(-)
 tests:  0|5
total_score: 20/70
64eb7ea
Thu 14 Mar 2024 09:03:01 PM UTC: 
 exercises.c | 2 +-
 1 file changed, 1 insertion(+), 1 deletion(-)
In file included from test.c:1:
exercises.c: In function ‘filterEvenNumbers’:
exercises.c:57:10: error: ‘nuevo_arr’ may be used uninitialized in this function [-Werror=maybe-uninitialized]
   57 |   return nuevo_arr;
      |          ^~~~~~~~~
cc1: all warnings being treated as errors
Compilation failed
76f3827
Thu 14 Mar 2024 09:12:07 PM UTC: 
 exercises.c | 6 +++---
 1 file changed, 3 insertions(+), 3 deletions(-)
 tests:  0|0
7512259
Thu 14 Mar 2024 09:17:36 PM UTC: 
 exercises.c | 2 +-
 1 file changed, 1 insertion(+), 1 deletion(-)
 tests:  0|0
e498346
Thu 14 Mar 2024 09:18:26 PM UTC: 
 exercises.c | 11 -----------
 1 file changed, 11 deletions(-)
In file included from test.c:1:
exercises.c: In function ‘filterEvenNumbers’:
exercises.c:47:1: error: control reaches end of non-void function [-Werror=return-type]
   47 | }
      | ^
cc1: all warnings being treated as errors
Compilation failed
9bd2119
Thu 14 Mar 2024 09:18:46 PM UTC: 
 exercises.c | 2 +-
 1 file changed, 1 insertion(+), 1 deletion(-)
 tests:  0|5
total_score: 20/70
e4b1f11
Thu 14 Mar 2024 09:19:34 PM UTC: 
 exercises.c | 2 ++
 1 file changed, 2 insertions(+)
In file included from test.c:1:
exercises.c: In function ‘filterEvenNumbers’:
exercises.c:46:7: error: unused variable ‘cant’ [-Werror=unused-variable]
   46 |   int cant = 0;
      |       ^~~~
cc1: all warnings being treated as errors
Compilation failed
6f1f97a
Thu 14 Mar 2024 09:19:41 PM UTC: 
 exercises.c | 2 +-
 1 file changed, 1 insertion(+), 1 deletion(-)
 tests:  0|5
total_score: 20/70
0146537
Sat 16 Mar 2024 05:35:46 PM UTC: 
 exercises.c | 18 +++++++++++++++++-
 1 file changed, 17 insertions(+), 1 deletion(-)
 tests:  0|4
total_score: 30/70
78cd0c8
Sat 16 Mar 2024 05:50:45 PM UTC: 
 exercises.c | 25 +++++++++++++++++++++++++
 1 file changed, 25 insertions(+)
In file included from test.c:1:
exercises.c: In function ‘mergeSortedArrays’:
exercises.c:80:51: error: expected ‘)’ before ‘;’ token
   80 |   for (int indice = 0; indice < new_size; indice++;) {
      |       ~                                           ^
      |                                                   )
Compilation failed
2aa328b
Sat 16 Mar 2024 05:50:56 PM UTC: 
 exercises.c | 2 +-
 1 file changed, 1 insertion(+), 1 deletion(-)
 tests:  0|4
total_score: 30/70
eb73606
Sat 16 Mar 2024 05:51:30 PM UTC: 
 exercises.c | 1 -
 1 file changed, 1 deletion(-)
 tests:  0|3
total_score: 40/70
f016057
Sat 16 Mar 2024 05:58:29 PM UTC: 
 exercises.c | 8 ++++++++
 1 file changed, 8 insertions(+)
 tests:  0|4
total_score: 30/70
886593b
Sat 16 Mar 2024 05:58:38 PM UTC: 
 exercises.c | 1 -
 1 file changed, 1 deletion(-)
 tests:  0|3
total_score: 40/70
84c3d79
Sat 16 Mar 2024 07:07:02 PM UTC: 
 exercises.c | 21 ++++++++++++++++++++-
 1 file changed, 20 insertions(+), 1 deletion(-)
In file included from test.c:1:
exercises.c: In function ‘checkSorted’:
exercises.c:118:7: error: variable ‘ninguno’ set but not used [-Werror=unused-but-set-variable]
  118 |   int ninguno = 1;
      |       ^~~~~~~
exercises.c:117:7: error: variable ‘descendente’ set but not used [-Werror=unused-but-set-variable]
  117 |   int descendente = 1;
      |       ^~~~~~~~~~~
exercises.c:116:7: error: variable ‘ascendente’ set but not used [-Werror=unused-but-set-variable]
  116 |   int ascendente = 1;
      |       ^~~~~~~~~~
cc1: all warnings being treated as errors
Compilation failed
5353dd6
Sat 16 Mar 2024 07:11:58 PM UTC: 
 exercises.c | 20 +++++++-------------
 1 file changed, 7 insertions(+), 13 deletions(-)
 tests:  0|3
total_score: 40/70
607091f
Sat 16 Mar 2024 07:12:36 PM UTC: 
 exercises.c | 2 +-
 1 file changed, 1 insertion(+), 1 deletion(-)
 tests:  0|3
total_score: 40/70
d4181f0
Sat 16 Mar 2024 07:17:13 PM UTC: 
 exercises.c | 27 +++++++++++++++++++--------
 1 file changed, 19 insertions(+), 8 deletions(-)
In file included from test.c:1:
exercises.c: In function ‘checkSorted’:
exercises.c:129:12: error: ‘des’ undeclared (first use in this function); did you mean ‘desc’?
  129 |   else if (des) {
      |            ^~~
      |            desc
exercises.c:129:12: note: each undeclared identifier is reported only once for each function it appears in
exercises.c:116:7: error: variable ‘desc’ set but not used [-Werror=unused-but-set-variable]
  116 |   int desc = 1;
      |       ^~~~
cc1: all warnings being treated as errors
Compilation failed
de36bca
Sat 16 Mar 2024 07:17:20 PM UTC: 
 exercises.c | 2 +-
 1 file changed, 1 insertion(+), 1 deletion(-)
 tests:  0|2
total_score: 50/70
d3c479a
Sat 16 Mar 2024 08:08:06 PM UTC: 
 exercises.c | 21 ++++++++++++++++++---
 1 file changed, 18 insertions(+), 3 deletions(-)
 tests:  0|0
438065b
Sat 16 Mar 2024 08:08:33 PM UTC: 
 exercises.c | 2 +-
 1 file changed, 1 insertion(+), 1 deletion(-)
In file included from test.c:1:
exercises.c: In function ‘crearListaEnlazada’:
exercises.c:187:23: error: assignment to ‘struct nodo *’ from ‘int’ makes pointer from integer without a cast [-Werror=int-conversion]
  187 |     actual->siguiente = temp->numero;
      |                       ^
exercises.c:185:9: error: array subscript ‘Nodo {aka struct nodo}[0]’ is partly outside array bounds of ‘unsigned char[4]’ [-Werror=array-bounds]
  185 |     temp->numero = arr[i];
      |         ^~
exercises.c:184:20: note: referencing an object of size 4 allocated by ‘malloc’
  184 |     temp = (Nodo *)malloc(sizeof(int));
      |                    ^~~~~~~~~~~~~~~~~~~
exercises.c:186:27: error: array subscript ‘Nodo {aka struct nodo}[0]’ is partly outside array bounds of ‘unsigned char[4]’ [-Werror=array-bounds]
  186 |     if (head == NULL) temp->numero = head->numero;
      |                           ^~
exercises.c:184:20: note: referencing an object of size 4 allocated by ‘malloc’
  184 |     temp = (Nodo *)malloc(sizeof(int));
      |                    ^~~~~~~~~~~~~~~~~~~
cc1: all warnings being treated as errors
Compilation failed
26c60f5
Sat 16 Mar 2024 08:28:37 PM UTC: 
 exercises.c | 6 +++---
 1 file changed, 3 insertions(+), 3 deletions(-)
 tests:  0|0
9d10d1e
Sat 16 Mar 2024 08:29:59 PM UTC: 
 exercises.c | 3 ++-
 1 file changed, 2 insertions(+), 1 deletion(-)
 tests:  0|0
9bbfe05
Sat 16 Mar 2024 08:30:57 PM UTC: 
 exercises.c | 3 +--
 1 file changed, 1 insertion(+), 2 deletions(-)
Sat 16 Mar 2024 08:31:22 PM UTC: 
 exercises.c | 3 +--
 1 file changed, 1 insertion(+), 2 deletions(-)
Sat 16 Mar 2024 08:37:53 PM UTC: 
 exercises.c | 4 ++--
 1 file changed, 2 insertions(+), 2 deletions(-)
 tests:  0|1
total_score: 60/70
13e47bd
Sat 16 Mar 2024 08:43:23 PM UTC: 
 exercises.c | 3 ++-
 1 file changed, 2 insertions(+), 1 deletion(-)
In file included from test.c:1:
exercises.c: In function ‘inicializarLibro’:
exercises.c:160:20: error: expected expression before ‘Libro’
  160 |   printf("%c\n\n", Libro.titulo);
      |                    ^~~~~
exercises.c:161:18: error: expected expression before ‘Libro’
  161 |   printf("%c\n", Libro.autor.nombre);
      |                  ^~~~~
Compilation failed
56be8e9
